android/app/build/intermediates/manifest_merge_blame_file/debug/manifest-merger-blame-debug-report.txt
1<?xml version="1.0" encoding="utf-8"?>
2<manifest xmlns:android="http://schemas.android.com/apk/res/android"
3    package="com.homedyapp"
4    android:versionCode="1"
5    android:versionName="1.0" >
6
7    <uses-sdk
8        android:minSdkVersion="21"
9        android:targetSdkVersion="29" />
10
11    <uses-permission android:name="android.permission.SYSTEM_ALERT_WINDOW" />
11-->src\debug\AndroidManifest.xml:5:5-77
11-->src\debug\AndroidManifest.xml:5:22-75
12    <uses-permission android:name="android.permission.INTERNET" />
12-->src\main\AndroidManifest.xml:4:5-67
12-->src\main\AndroidManifest.xml:4:22-64
13    <uses-permission android:name="android.permission.ACCESS_FINE_LOCATION" />
13-->src\main\AndroidManifest.xml:30:5-78
13-->src\main\AndroidManifest.xml:30:22-76
14    <uses-permission android:name="android.permission.CAMERA" />
14-->src\main\AndroidManifest.xml:31:5-64
14-->src\main\AndroidManifest.xml:31:22-62
15
16    <uses-feature
16-->src\main\AndroidManifest.xml:32:5-85
17        android:name="android.hardware.camera"
17-->src\main\AndroidManifest.xml:32:19-57
18        android:required="false" />
18-->src\main\AndroidManifest.xml:32:58-82
19    <uses-feature
19-->src\main\AndroidManifest.xml:33:5-91
20        android:name="android.hardware.camera.front"
20-->src\main\AndroidManifest.xml:33:19-63
21        android:required="false" />
21-->src\main\AndroidManifest.xml:33:64-88
22    <uses-feature android:name="android.hardware.camera.autofocus" />
22-->src\main\AndroidManifest.xml:34:5-70
22-->src\main\AndroidManifest.xml:34:19-67
23
24    <uses-permission android:name="android.permission.ACCESS_NETWORK_STATE" />
24-->src\main\AndroidManifest.xml:35:5-79
24-->src\main\AndroidManifest.xml:35:22-76
25    <uses-permission android:name="android.permission.ACCESS_WIFI_STATE" />
25-->[com.facebook.flipper:flipper:0.54.0] AndroidManifest.xml:16:5-76
25-->[com.facebook.flipper:flipper:0.54.0] AndroidManifest.xml:16:22-73
26    <uses-permission android:name="android.permission.ACCESS_COARSE_LOCATION" />
26-->[:react-native-maps] AndroidManifest.xml:10:5-81
26-->[:react-native-maps] AndroidManifest.xml:10:22-78
27
28    <queries>
28-->[:react-native-image-crop-picker] AndroidManifest.xml:10:5-14:15
29        <intent>
29-->[:react-native-image-crop-picker] AndroidManifest.xml:11:9-13:18
30            <action android:name="android.media.action.IMAGE_CAPTURE" />
30-->[:react-native-image-crop-picker] AndroidManifest.xml:12:13-73
30-->[:react-native-image-crop-picker] AndroidManifest.xml:12:21-70
31        </intent>
32    </queries>
33
34    <uses-permission android:name="android.permission.WRITE_EXTERNAL_STORAGE" />
34-->[:react-native-image-crop-picker] AndroidManifest.xml:16:5-81
34-->[:react-native-image-crop-picker] AndroidManifest.xml:16:22-78
35
36    <uses-feature
36-->[com.google.android.gms:play-services-maps:17.0.0] AndroidManifest.xml:26:5-28:35
37        android:glEsVersion="0x00020000"
37-->[com.google.android.gms:play-services-maps:17.0.0] AndroidManifest.xml:27:9-41
38        android:required="true" />
38-->[com.google.android.gms:play-services-maps:17.0.0] AndroidManifest.xml:28:9-32
39
40    <application
40-->src\main\AndroidManifest.xml:7:5-29:19
41        android:name="com.homedyapp.MainApplication"
41-->src\main\AndroidManifest.xml:8:7-38
42        android:allowBackup="false"
42-->src\main\AndroidManifest.xml:12:7-34
43        android:appComponentFactory="androidx.core.app.CoreComponentFactory"
43-->[androidx.core:core:1.3.2] AndroidManifest.xml:24:18-86
44        android:debuggable="true"
45        android:icon="@mipmap/ic_launcher"
45-->src\main\AndroidManifest.xml:10:7-41
46        android:label="@string/app_name"
46-->src\main\AndroidManifest.xml:9:7-39
47        android:roundIcon="@mipmap/ic_launcher_round"
47-->src\main\AndroidManifest.xml:11:7-52
48        android:theme="@style/AppTheme"
48-->src\main\AndroidManifest.xml:13:7-38
49        android:usesCleartextTraffic="true" >
49-->src\debug\AndroidManifest.xml:7:18-53
50        <activity
50-->src\main\AndroidManifest.xml:14:7-24:18
51            android:name="com.homedyapp.MainActivity"
51-->src\main\AndroidManifest.xml:15:9-37
52            android:configChanges="keyboard|keyboardHidden|orientation|screenSize|uiMode"
52-->src\main\AndroidManifest.xml:17:9-86
53            android:label="@string/app_name"
53-->src\main\AndroidManifest.xml:16:9-41
54            android:launchMode="singleTask"
54-->src\main\AndroidManifest.xml:18:9-40
55            android:windowSoftInputMode="adjustResize" >
55-->src\main\AndroidManifest.xml:19:9-51
56            <intent-filter>
56-->src\main\AndroidManifest.xml:20:9-23:25
57                <action android:name="android.intent.action.MAIN" />
57-->src\main\AndroidManifest.xml:21:13-65
57-->src\main\AndroidManifest.xml:21:21-62
58
59                <category android:name="android.intent.category.LAUNCHER" />
59-->src\main\AndroidManifest.xml:22:13-73
59-->src\main\AndroidManifest.xml:22:23-70
60            </intent-filter>
61        </activity>
62        <activity android:name="com.facebook.react.devsupport.DevSettingsActivity" />
62-->src\main\AndroidManifest.xml:25:7-84
62-->src\main\AndroidManifest.xml:25:17-81
63
64        <meta-data
64-->src\main\AndroidManifest.xml:26:7-28:66
65            android:name="com.google.android.geo.API_KEY"
65-->src\main\AndroidManifest.xml:27:9-54
66            android:value="AIzaSyDH_1p4gpDFgk9pyJO39nYc0vWmfwTvwHo" />
66-->src\main\AndroidManifest.xml:28:9-64
67
68        <provider
68-->[:react-native-image-crop-picker] AndroidManifest.xml:19:9-27:20
69            android:name="androidx.core.content.FileProvider"
69-->[:react-native-image-crop-picker] AndroidManifest.xml:20:13-62
70            android:authorities="com.homedyapp.provider"
70-->[:react-native-image-crop-picker] AndroidManifest.xml:21:13-60
71            android:exported="false"
71-->[:react-native-image-crop-picker] AndroidManifest.xml:22:13-37
72            android:grantUriPermissions="true" >
72-->[:react-native-image-crop-picker] AndroidManifest.xml:23:13-47
73            <meta-data
73-->[:react-native-image-crop-picker] AndroidManifest.xml:24:13-26:58
74                android:name="android.support.FILE_PROVIDER_PATHS"
74-->[:react-native-image-crop-picker] AndroidManifest.xml:25:17-67
75                android:resource="@xml/provider_paths" />
75-->[:react-native-image-crop-picker] AndroidManifest.xml:26:17-55
76        </provider>
77
78        <activity
78-->[:react-native-image-crop-picker] AndroidManifest.xml:29:9-31:72
79            android:name="com.yalantis.ucrop.UCropActivity"
79-->[:react-native-image-crop-picker] AndroidManifest.xml:30:13-60
80            android:theme="@style/Theme.AppCompat.Light.NoActionBar" />
80-->[:react-native-image-crop-picker] AndroidManifest.xml:31:13-69
81
82        <provider
82-->[:react-native-image-picker] AndroidManifest.xml:12:9-20:20
83            android:name="com.imagepicker.ImagePickerProvider"
83-->[:react-native-image-picker] AndroidManifest.xml:13:13-63
84            android:authorities="com.homedyapp.imagepickerprovider"
84-->[:react-native-image-picker] AndroidManifest.xml:14:13-71
85            android:exported="false"
85-->[:react-native-image-picker] AndroidManifest.xml:15:13-37
86            android:grantUriPermissions="true" >
86-->[:react-native-image-picker] AndroidManifest.xml:16:13-47
87            <meta-data
87-->[:react-native-image-crop-picker] AndroidManifest.xml:24:13-26:58
88                android:name="android.support.FILE_PROVIDER_PATHS"
88-->[:react-native-image-crop-picker] AndroidManifest.xml:25:17-67
89                android:resource="@xml/imagepicker_provider_paths" />
89-->[:react-native-image-crop-picker] AndroidManifest.xml:26:17-55
90        </provider> <!-- Needs to be explicitly declared on P+ -->
91        <uses-library
91-->[com.google.android.gms:play-services-maps:17.0.0] AndroidManifest.xml:33:9-35:40
92            android:name="org.apache.http.legacy"
92-->[com.google.android.gms:play-services-maps:17.0.0] AndroidManifest.xml:34:13-50
93            android:required="false" />
93-->[com.google.android.gms:play-services-maps:17.0.0] AndroidManifest.xml:35:13-37
94
95        <activity
95-->[com.google.android.gms:play-services-base:17.2.1] AndroidManifest.xml:23:9-26:75
96            android:name="com.google.android.gms.common.api.GoogleApiActivity"
96-->[com.google.android.gms:play-services-base:17.2.1] AndroidManifest.xml:24:13-79
97            android:exported="false"
97-->[com.google.android.gms:play-services-base:17.2.1] AndroidManifest.xml:25:13-37
98            android:theme="@android:style/Theme.Translucent.NoTitleBar" />
98-->[com.google.android.gms:play-services-base:17.2.1] AndroidManifest.xml:26:13-72
99
100        <meta-data
100-->[com.google.maps.android:android-maps-utils:0.5] AndroidManifest.xml:8:9-10:69
101            android:name="com.google.android.gms.version"
101-->[com.google.maps.android:android-maps-utils:0.5] AndroidManifest.xml:9:13-58
102            android:value="@integer/google_play_services_version" />
102-->[com.google.maps.android:android-maps-utils:0.5] AndroidManifest.xml:10:13-66
103    </application>
104
105</manifest>